#
# There is insufficient memory for the Java Runtime Environment to continue.
# Native memory allocation (mmap) failed to map 268435456 bytes for G1 virtual space
# Possible reasons:
#   The system is out of physical RAM or swap space
#   The process is running with CompressedOops enabled, and the Java Heap may be blocking the growth of the native heap
# Possible solutions:
#   Reduce memory load on the system
#   Increase physical memory or swap space
#   Check if swap backing store is full
#   Decrease Java heap size (-Xmx/-Xms)
#   Decrease number of Java threads
#   Decrease Java thread stack sizes (-Xss)
#   Set larger code cache with -XX:ReservedCodeCacheSize=
#   JVM is running with Zero Based Compressed Oops mode in which the Java heap is
#     placed in the first 32GB address space. The Java Heap base address is the
#     maximum limit for the native heap growth. Please use -XX:HeapBaseMinAddress
#     to set the Java Heap base and to place the Java Heap above 32GB virtual address.
# This output file may be truncated or incomplete.
#
#  Out of Memory Error (os_windows.cpp:3613), pid=8840, tid=14036
#
# JRE version:  (17.0.9+8) (build )
# Java VM: OpenJDK 64-Bit Server VM (17.0.9+8-LTS, mixed mode, emulated-client, sharing, tiered, compressed oops, compressed class ptrs, g1 gc, windows-amd64)
# No core dump will be written. Minidumps are not enabled by default on client versions of Windows
#

---------------  S U M M A R Y ------------

Command Line: -XX:TieredStopAtLevel=1 -Dspring.output.ansi.enabled=always -Dcom.sun.management.jmxremote -Dspring.jmx.enabled=true -Dspring.liveBeansView.mbeanDomain -Dspring.application.admin.enabled=true -Dmanagement.endpoints.jmx.exposure.include=* -javaagent:C:\Program Files\JetBrains\IntelliJ IDEA 2023.3.1\lib\idea_rt.jar=52896:C:\Program Files\JetBrains\IntelliJ IDEA 2023.3.1\bin -Dfile.encoding=UTF-8 com.sparta.springprepare.SpringPrepareApplication

Host: Intel(R) Core(TM) i7-3770 CPU @ 3.40GHz, 8 cores, 15G,  Windows 10 , 64 bit Build 19041 (10.0.19041.3636)
Time: Tue Dec 26 12:48:49 2023  Windows 10 , 64 bit Build 19041 (10.0.19041.3636) elapsed time: 0.107770 seconds (0d 0h 0m 0s)

---------------  T H R E A D  ---------------

Current thread (0x0000021ea8721240):  JavaThread "Unknown thread" [_thread_in_vm, id=14036, stack(0x0000009e62900000,0x0000009e62a00000)]

Stack: [0x0000009e62900000,0x0000009e62a00000]
Native frames: (J=compiled Java code, j=interpreted, Vv=VM code, C=native code)
V  [jvm.dll+0x67cb49]
V  [jvm.dll+0x8344da]
V  [jvm.dll+0x835f9e]
V  [jvm.dll+0x836603]
V  [jvm.dll+0x247b5f]
V  [jvm.dll+0x679969]
V  [jvm.dll+0x66e2ba]
V  [jvm.dll+0x307a5b]
V  [jvm.dll+0x30ef06]
V  [jvm.dll+0x35ecee]
V  [jvm.dll+0x35ef1f]
V  [jvm.dll+0x2de658]
V  [jvm.dll+0x2df5c4]
V  [jvm.dll+0x805d51]
V  [jvm.dll+0x36cb51]
V  [jvm.dll+0x7e47dc]
V  [jvm.dll+0x3f03cf]
V  [jvm.dll+0x3f2001]
C  [jli.dll+0x528f]
C  [ucrtbase.dll+0x21bb2]
C  [KERNEL32.DLL+0x17344]
C  [ntdll.dll+0x526b1]


---------------  P R O C E S S  ---------------

Threads class SMR info:
_java_thread_list=0x00007fffbb29ee98, length=0, elements={
}

Java Threads: ( => current thread )

Other Threads:
  0x0000021ea878dfe0 GCTaskThread "GC Thread#0" [stack: 0x0000009e62a00000,0x0000009e62b00000] [id=9900]
  0x0000021ea879edc0 ConcurrentGCThread "G1 Main Marker" [stack: 0x0000009e62b00000,0x0000009e62c00000] [id=3872]
  0x0000021ea879f6f0 ConcurrentGCThread "G1 Conc#0" [stack: 0x0000009e62c00000,0x0000009e62d00000] [id=3472]

[error occurred during error reporting (printing all threads), id 0xc0000005, EXCEPTION_ACCESS_VIOLATION (0xc0000005) at pc=0x00007fffbaa5f097]

VM state: not at safepoint (not fully initialized)

VM Mutex/Monitor currently owned by a thread:  ([mutex/lock_event])
[0x0000021ea871d040] Heap_lock - owner thread: 0x0000021ea8721240

Heap address: 0x0000000700800000, size: 4088 MB, Compressed Oops mode: Zero based, Oop shift amount: 3

CDS archive(s) mapped at: [0x0000000000000000-0x0000000000000000-0x0000000000000000), size 0, SharedBaseAddress: 0x0000000800000000, ArchiveRelocationMode: 1.
Narrow klass base: 0x0000000000000000, Narrow klass shift: 0, Narrow klass range: 0x0

GC Precious Log:
<Empty>

Heap:
 garbage-first heap   total 0K, used 0K [0x0000000700800000, 0x0000000800000000)
  region size 2048K, 0 young (0K), 0 survivors (0K)

[error occurred during error reporting (printing heap information), id 0xc0000005, EXCEPTION_ACCESS_VIOLATION (0xc0000005) at pc=0x00007fffbae468f9]

GC Heap History (0 events):
No events

Dll operation events (1 events):
Event: 0.095 Loaded shared library C:\Users\snnam\.jdks\corretto-17.0.9\bin\java.dll

Deoptimization events (0 events):
No events

Classes unloaded (0 events):
No events

Classes redefined (0 events):
No events

Internal exceptions (0 events):
No events

VM Operations (0 events):
No events

Events (0 events):
No events


Dynamic libraries:
0x00007ff6beea0000 - 0x00007ff6beeae000 	C:\Users\snnam\.jdks\corretto-17.0.9\bin\java.exe
0x00007ff8002d0000 - 0x00007ff8004c8000 	C:\WINDOWS\SYSTEM32\ntdll.dll
0x00007fffff570000 - 0x00007fffff62d000 	C:\WINDOWS\System32\KERNEL32.DLL
0x00007ffffde90000 - 0x00007ffffe186000 	C:\WINDOWS\System32\KERNELBASE.dll
0x00007ffffdd90000 - 0x00007ffffde90000 	C:\WINDOWS\System32\ucrtbase.dll
0x00007ffff5120000 - 0x00007ffff5137000 	C:\Users\snnam\.jdks\corretto-17.0.9\bin\jli.dll
0x00007ffffec60000 - 0x00007ffffedfe000 	C:\WINDOWS\System32\USER32.dll
0x00007ffffdd60000 - 0x00007ffffdd82000 	C:\WINDOWS\System32\win32u.dll
0x00007ffffef40000 - 0x00007ffffef6c000 	C:\WINDOWS\System32\GDI32.dll
0x00007ffffd9a0000 - 0x00007ffffdaba000 	C:\WINDOWS\System32\gdi32full.dll
0x00007ffffdc20000 - 0x00007ffffdcbd000 	C:\WINDOWS\System32\msvcp_win.dll
0x00007fffe7300000 - 0x00007fffe759a000 	C:\WINDOWS\WinSxS\amd64_microsoft.windows.common-controls_6595b64144ccf1df_6.0.19041.3636_none_60b6a03d71f818d5\COMCTL32.dll
0x00007fffffbf0000 - 0x00007fffffc8e000 	C:\WINDOWS\System32\msvcrt.dll
0x00007ffff4d90000 - 0x00007ffff4dab000 	C:\Users\snnam\.jdks\corretto-17.0.9\bin\VCRUNTIME140.dll
0x00007ffffe320000 - 0x00007ffffe350000 	C:\WINDOWS\System32\IMM32.DLL
0x00007ffff7d80000 - 0x00007ffff7d8c000 	C:\Users\snnam\.jdks\corretto-17.0.9\bin\vcruntime140_1.dll
0x00007fffd12b0000 - 0x00007fffd133d000 	C:\Users\snnam\.jdks\corretto-17.0.9\bin\msvcp140.dll
0x00007fffba770000 - 0x00007fffbb3d1000 	C:\Users\snnam\.jdks\corretto-17.0.9\bin\server\jvm.dll
0x00007ffffee80000 - 0x00007ffffef2f000 	C:\WINDOWS\System32\ADVAPI32.dll
0x00007fffffaa0000 - 0x00007fffffb3c000 	C:\WINDOWS\System32\sechost.dll
0x00007ffffe350000 - 0x00007ffffe476000 	C:\WINDOWS\System32\RPCRT4.dll
0x00007ffff9550000 - 0x00007ffff9559000 	C:\WINDOWS\SYSTEM32\WSOCK32.dll
0x00007ffffd800000 - 0x00007ffffd84b000 	C:\WINDOWS\SYSTEM32\POWRPROF.dll
0x00007fffffa30000 - 0x00007fffffa9b000 	C:\WINDOWS\System32\WS2_32.dll
0x00007ffff3000000 - 0x00007ffff3027000 	C:\WINDOWS\SYSTEM32\WINMM.dll
0x00007ffff75b0000 - 0x00007ffff75ba000 	C:\WINDOWS\SYSTEM32\VERSION.dll
0x00007ffffd7e0000 - 0x00007ffffd7f2000 	C:\WINDOWS\SYSTEM32\UMPDC.dll
0x00007ffffb880000 - 0x00007ffffb892000 	C:\WINDOWS\SYSTEM32\kernel.appcore.dll
0x00007ffff7290000 - 0x00007ffff729a000 	C:\Users\snnam\.jdks\corretto-17.0.9\bin\jimage.dll
0x00007ffff2630000 - 0x00007ffff2814000 	C:\WINDOWS\SYSTEM32\DBGHELP.DLL
0x00007ffff0180000 - 0x00007ffff01b4000 	C:\WINDOWS\SYSTEM32\dbgcore.DLL
0x00007ffffe290000 - 0x00007ffffe312000 	C:\WINDOWS\System32\bcryptPrimitives.dll
0x00007ffff5110000 - 0x00007ffff511e000 	C:\Users\snnam\.jdks\corretto-17.0.9\bin\instrument.dll
0x00007fffe6970000 - 0x00007fffe6995000 	C:\Users\snnam\.jdks\corretto-17.0.9\bin\java.dll

dbghelp: loaded successfully - version: 4.0.5 - missing functions: none
symbol engine: initialized successfully - sym options: 0x614 - pdb path: .;C:\Users\snnam\.jdks\corretto-17.0.9\bin;C:\WINDOWS\SYSTEM32;C:\WINDOWS\WinSxS\amd64_microsoft.windows.common-controls_6595b64144ccf1df_6.0.19041.3636_none_60b6a03d71f818d5;C:\Users\snnam\.jdks\corretto-17.0.9\bin\server

VM Arguments:
jvm_args: -XX:TieredStopAtLevel=1 -Dspring.output.ansi.enabled=always -Dcom.sun.management.jmxremote -Dspring.jmx.enabled=true -Dspring.liveBeansView.mbeanDomain -Dspring.application.admin.enabled=true -Dmanagement.endpoints.jmx.exposure.include=* -javaagent:C:\Program Files\JetBrains\IntelliJ IDEA 2023.3.1\lib\idea_rt.jar=52896:C:\Program Files\JetBrains\IntelliJ IDEA 2023.3.1\bin -Dfile.encoding=UTF-8 
java_command: com.sparta.springprepare.SpringPrepareApplication
java_class_path (initial): C:\Users\snnam\Desktop\Spring(±è¿µÇÑ)\spring-study-basic\spring-prepare\build\classes\java\main;C:\Users\snnam\Desktop\Spring(±è¿µÇÑ)\spring-study-basic\spring-prepare\build\resources\main;C:\Users\snnam\.gradle\caches\modules-2\files-2.1\org.projectlombok\lombok\1.18.30\f195ee86e6c896ea47a1d39defbe20eb59cd149d\lombok-1.18.30.jar;C:\Users\snnam\.gradle\caches\modules-2\files-2.1\org.springframework.boot\spring-boot-starter-web\3.2.1\e27e36d4222fd4d589e634e1c7f5f09f0316147c\spring-boot-starter-web-3.2.1.jar;C:\Users\snnam\.gradle\caches\modules-2\files-2.1\org.springframework.boot\spring-boot-starter-json\3.2.1\ecda50de20ab6d3c49ea30df4c1982048f5d31ac\spring-boot-starter-json-3.2.1.jar;C:\Users\snnam\.gradle\caches\modules-2\files-2.1\org.springframework.boot\spring-boot-starter\3.2.1\bc03d7075fb9d9d4877218db48d5dae3dd72a65d\spring-boot-starter-3.2.1.jar;C:\Users\snnam\.gradle\caches\modules-2\files-2.1\org.springframework.boot\spring-boot-starter-tomcat\3.2.1\d8efc48034015522958cb3fea5831b4cbcd4fcfb\spring-boot-starter-tomcat-3.2.1.jar;C:\Users\snnam\.gradle\caches\modules-2\files-2.1\org.springframework\spring-webmvc\6.1.2\906ee995372076e22ef9666d8628845c75bf5c42\spring-webmvc-6.1.2.jar;C:\Users\snnam\.gradle\caches\modules-2\files-2.1\org.springframework\spring-web\6.1.2\f26b98778376cc39afb04fbb6fdd7543bef89f2\spring-web-6.1.2.jar;C:\Users\snnam\.gradle\caches\modules-2\files-2.1\com.fasterxml.jackson.datatype\jackson-datatype-jsr310\2.15.3\4a20a0e104931bfa72f24ef358c2eb63f1ef2aaf\jackson-datatype-jsr310-2.15.3.jar;C:\Users\snnam\.gradle\caches\modules-2\files-2.1\com.fasterxml.jackson.module\jackson-module-parameter-names\2.15.3\8d251b90c5358677e7d8161e0c2488e6f84f49da\jackson-module-parameter-names-2.15.3.jar;C:\Users\snnam\.gradle\caches\modules-2\files-2.1\com.fasterxml.jackson.datatype\jackson-datatype-jdk8\2.15.3\80158cb020c7bd4e4ba94d8d752a65729dc943b2\jackson-datatype-jdk8-2.15.3.jar;C:\Users\snnam\.gradle\caches\modules-2\file
Launcher Type: SUN_STANDARD

[Global flags]
     intx CICompilerCount                          = 4                                         {product} {ergonomic}
     uint ConcGCThreads                            = 2                                         {product} {ergonomic}
     uint G1ConcRefinementThreads                  = 8                                         {product} {ergonomic}
   size_t G1HeapRegionSize                         = 2097152                                   {product} {ergonomic}
    uintx GCDrainStackTargetSize                   = 64                                        {product} {ergonomic}
   size_t InitialHeapSize                          = 268435456                                 {product} {ergonomic}
     bool ManagementServer                         = true                                      {product} {command line}
   size_t MarkStackSize                            = 4194304                                   {product} {ergonomic}
   size_t MaxHeapSize                              = 4286578688                                {product} {ergonomic}
   size_t MinHeapDeltaBytes                        = 2097152                                   {product} {ergonomic}
   size_t MinHeapSize                              = 8388608                                   {product} {ergonomic}
    uintx NonProfiledCodeHeapSize                  = 0                                      {pd product} {ergonomic}
     bool ProfileInterpreter                       = false                                  {pd product} {command line}
    uintx ProfiledCodeHeapSize                     = 0                                      {pd product} {ergonomic}
   size_t SoftMaxHeapSize                          = 4286578688                             {manageable} {ergonomic}
     intx TieredStopAtLevel                        = 1                                         {product} {command line}
     bool UseCompressedClassPointers               = true                           {product lp64_product} {ergonomic}
     bool UseCompressedOops                        = true                           {product lp64_product} {ergonomic}
     bool UseG1GC                                  = true                                      {product} {ergonomic}
     bool UseLargePagesIndividualAllocation        = false                                  {pd product} {ergonomic}

Logging:
Log output configuration:
 #0: stdout all=warning uptime,level,tags
 #1: stderr all=off uptime,level,tags

Environment Variables:
JAVA_HOME=C:\Program Files\Java\jdk-21.0.1
CLASSPATH=C:\Program Files\Java\jdk-21.0.1\lib
PATH=C:\Program Files\Java\jdk-21.0.1\bin;C:\Program Files (x86)\Common Files\Oracle\Java\javapath;C:\WINDOWS\system32;C:\WINDOWS;C:\WINDOWS\System32\Wbem;C:\WINDOWS\System32\WindowsPowerShell\v1.0\;C:\Program Files\Git\cmd;C:\Python312;C:\Python312\Scripts;C:\Program Files\Bandizip\;C:\WINDOWS\System32\OpenSSH\;C:\Program Files\NVIDIA Corporation\NVIDIA NvDLISR;C:\Program Files (x86)\NVIDIA Corporation\PhysX\Common;C:\Python312\Scripts\;C:\Python312\;C:\Users\snnam\AppData\Local\Microsoft\WindowsApps;C:\Program Files\JetBrains\IntelliJ IDEA Community Edition 2023.2.4\bin;C:\Program Files\JetBrains\PyCharm Community Edition 2023.2.4\bin;C:\Users\snnam\AppData\Local\Programs\Microsoft VS Code\bin;C:\Users\snnam\AppData\Local\gitkraken\bin;C:\Program Files\JetBrains\IntelliJ IDEA Community Edition 2023.3.1\bin;;C:\Program Files\JetBrains\IntelliJ IDEA 2023.3.1\bin;
USERNAME=snnam
OS=Windows_NT
PROCESSOR_IDENTIFIER=Intel64 Family 6 Model 58 Stepping 9, GenuineIntel
TMP=C:\Users\snnam\AppData\Local\Temp
TEMP=C:\Users\snnam\AppData\Local\Temp



Periodic native trim disabled


---------------  S Y S T E M  ---------------

OS:
 Windows 10 , 64 bit Build 19041 (10.0.19041.3636)
OS uptime: 0 days 3:49 hours

CPU: total 8 (initial active 8) (4 cores per cpu, 2 threads per core) family 6 model 58 stepping 9 microcode 0x21, cx8, cmov, fxsr, ht, mmx, sse, sse2, sse3, ssse3, sse4.1, sse4.2, popcnt, tsc, tscinvbit, avx, aes, erms, clmul, vzeroupper, clflush
Processor Information for all 8 processors :
  Max Mhz: 3401, Current Mhz: 3401, Mhz Limit: 3401

Memory: 4k page, system-wide physical 16344M (4769M free)
TotalPageFile size 16344M (AvailPageFile size 134M)
current process WorkingSet (physical memory assigned to process): 11M, peak: 11M
current process commit charge ("private bytes"): 55M, peak: 311M

vm_info: OpenJDK 64-Bit Server VM (17.0.9+8-LTS) for windows-amd64 JRE (17.0.9+8-LTS), built on Oct 12 2023 16:15:33 by "Administrator" with MS VC++ 16.10 / 16.11 (VS2019)

END.
